2016-08-01 07:57:56,156 [Start Help Server] INFO  org.eclipse.jetty.util.log - Logging initialized @167193ms
2016-08-01 07:57:56,344 [Start Help Server] INFO  org.eclipse.jetty.server.Server - jetty-9.2.13.v20150730
2016-08-01 07:57:56,672 [Start Help Server] INFO  o.e.j.server.handler.ContextHandler - Started o.e.j.s.ServletContextHandler@53bdb727{/help,null,AVAILABLE}
2016-08-01 07:57:57,000 [Start Help Server] INFO  o.e.jetty.server.ServerConnector - Started ServerConnector@912f2a7{HTTP/1.1}{127.0.0.1:57609}
2016-08-01 07:57:57,000 [Start Help Server] INFO  org.eclipse.jetty.server.Server - Started @168036ms
2016-08-01 08:24:44,884 [main] INFO  c.g.t.t.d.PublishedGradleVersions - Gradle version information cache file is not available. Remote download required.
2016-08-01 08:24:45,603 [main] ERROR c.g.t.t.d.PublishedGradleVersions - Cannot download published Gradle versions.
javax.net.ssl.SSLHandshakeException: sun.security.validator.ValidatorException: PKIX path building failed: sun.security.provider.certpath.SunCertPathBuilderException: unable to find valid certification path to requested target
	at sun.security.ssl.Alerts.getSSLException(Unknown Source) ~[na:1.8.0_66]
	at sun.security.ssl.SSLSocketImpl.fatal(Unknown Source) ~[na:1.8.0_66]
	at sun.security.ssl.Handshaker.fatalSE(Unknown Source) ~[na:1.8.0_66]
	at sun.security.ssl.Handshaker.fatalSE(Unknown Source) ~[na:1.8.0_66]
	at sun.security.ssl.ClientHandshaker.serverCertificate(Unknown Source) ~[na:1.8.0_66]
	at sun.security.ssl.ClientHandshaker.processMessage(Unknown Source) ~[na:1.8.0_66]
	at sun.security.ssl.Handshaker.processLoop(Unknown Source) ~[na:1.8.0_66]
	at sun.security.ssl.Handshaker.process_record(Unknown Source) ~[na:1.8.0_66]
	at sun.security.ssl.SSLSocketImpl.readRecord(Unknown Source) ~[na:1.8.0_66]
	at sun.security.ssl.SSLSocketImpl.performInitialHandshake(Unknown Source) ~[na:1.8.0_66]
	at sun.security.ssl.SSLSocketImpl.startHandshake(Unknown Source) ~[na:1.8.0_66]
	at sun.security.ssl.SSLSocketImpl.startHandshake(Unknown Source) ~[na:1.8.0_66]
	at sun.net.www.protocol.https.HttpsClient.afterConnect(Unknown Source) ~[na:1.8.0_66]
	at sun.net.www.protocol.https.AbstractDelegateHttpsURLConnection.connect(Unknown Source) ~[na:1.8.0_66]
	at sun.net.www.protocol.http.HttpURLConnection.getInputStream0(Unknown Source) ~[na:1.8.0_66]
	at sun.net.www.protocol.http.HttpURLConnection.getInputStream(Unknown Source) ~[na:1.8.0_66]
	at sun.net.www.protocol.https.HttpsURLConnectionImpl.getInputStream(Unknown Source) ~[na:1.8.0_66]
	at com.gradleware.tooling.toolingutils.distribution.PublishedGradleVersions.downloadVersionInformation(PublishedGradleVersions.java:167) [com.gradleware.tooling.utils_0.7.0.v201511171412.jar:na]
	at com.gradleware.tooling.toolingutils.distribution.PublishedGradleVersions.create(PublishedGradleVersions.java:150) [com.gradleware.tooling.utils_0.7.0.v201511171412.jar:na]
	at org.eclipse.buildship.core.util.gradle.PublishedGradleVersionsWrapper.create(PublishedGradleVersionsWrapper.java:40) [org.eclipse.buildship.core_1.0.6.v20151126-1638.jar:na]
	at org.eclipse.buildship.core.util.gradle.PublishedGradleVersionsWrapper.<init>(PublishedGradleVersionsWrapper.java:35) [org.eclipse.buildship.core_1.0.6.v20151126-1638.jar:na]
	at org.eclipse.buildship.core.CorePlugin.createPublishedGradleVersions(CorePlugin.java:166) [org.eclipse.buildship.core_1.0.6.v20151126-1638.jar:na]
	at org.eclipse.buildship.core.CorePlugin.registerServices(CorePlugin.java:139) [org.eclipse.buildship.core_1.0.6.v20151126-1638.jar:na]
	at org.eclipse.buildship.core.CorePlugin.start(CorePlugin.java:102) [org.eclipse.buildship.core_1.0.6.v20151126-1638.jar:na]
	at org.eclipse.osgi.internal.framework.BundleContextImpl$3.run(BundleContextImpl.java:771) [org.eclipse.osgi_3.10.101.v20150820-1432.jar:na]
	at org.eclipse.osgi.internal.framework.BundleContextImpl$3.run(BundleContextImpl.java:1) [org.eclipse.osgi_3.10.101.v20150820-1432.jar:na]
	at java.security.AccessController.doPrivileged(Native Method) [na:1.8.0_66]
	at org.eclipse.osgi.internal.framework.BundleContextImpl.startActivator(BundleContextImpl.java:764) [org.eclipse.osgi_3.10.101.v20150820-1432.jar:na]
	at org.eclipse.osgi.internal.framework.BundleContextImpl.start(BundleContextImpl.java:721) [org.eclipse.osgi_3.10.101.v20150820-1432.jar:na]
	at org.eclipse.osgi.internal.framework.EquinoxBundle.startWorker0(EquinoxBundle.java:941) [org.eclipse.osgi_3.10.101.v20150820-1432.jar:na]
	at org.eclipse.osgi.internal.framework.EquinoxBundle$EquinoxModule.startWorker(EquinoxBundle.java:318) [org.eclipse.osgi_3.10.101.v20150820-1432.jar:na]
	at org.eclipse.osgi.container.Module.doStart(Module.java:571) [org.eclipse.osgi_3.10.101.v20150820-1432.jar:na]
	at org.eclipse.osgi.container.Module.start(Module.java:439) [org.eclipse.osgi_3.10.101.v20150820-1432.jar:na]
	at org.eclipse.osgi.framework.util.SecureAction.start(SecureAction.java:454) [org.eclipse.osgi_3.10.101.v20150820-1432.jar:na]
	at org.eclipse.osgi.internal.hooks.EclipseLazyStarter.postFindLocalClass(EclipseLazyStarter.java:107) [org.eclipse.osgi_3.10.101.v20150820-1432.jar:na]
	at org.eclipse.osgi.internal.loader.classpath.ClasspathManager.findLocalClass(ClasspathManager.java:531) [org.eclipse.osgi_3.10.101.v20150820-1432.jar:na]
	at org.eclipse.osgi.internal.loader.ModuleClassLoader.findLocalClass(ModuleClassLoader.java:324) [org.eclipse.osgi_3.10.101.v20150820-1432.jar:na]
	at org.eclipse.osgi.internal.loader.BundleLoader.findLocalClass(BundleLoader.java:327) [org.eclipse.osgi_3.10.101.v20150820-1432.jar:na]
	at org.eclipse.osgi.internal.loader.sources.SingleSourcePackage.loadClass(SingleSourcePackage.java:36) [org.eclipse.osgi_3.10.101.v20150820-1432.jar:na]
	at org.eclipse.osgi.internal.loader.BundleLoader.findClassInternal(BundleLoader.java:398) [org.eclipse.osgi_3.10.101.v20150820-1432.jar:na]
	at org.eclipse.osgi.internal.loader.BundleLoader.findClass(BundleLoader.java:352) [org.eclipse.osgi_3.10.101.v20150820-1432.jar:na]
	at org.eclipse.osgi.internal.loader.BundleLoader.findClass(BundleLoader.java:344) [org.eclipse.osgi_3.10.101.v20150820-1432.jar:na]
	at org.eclipse.osgi.internal.loader.ModuleClassLoader.loadClass(ModuleClassLoader.java:160) [org.eclipse.osgi_3.10.101.v20150820-1432.jar:na]
	at java.lang.ClassLoader.loadClass(Unknown Source) [na:1.8.0_66]
	at java.lang.Class.getDeclaredConstructors0(Native Method) [na:1.8.0_66]
	at java.lang.Class.privateGetDeclaredConstructors(Unknown Source) [na:1.8.0_66]
	at java.lang.Class.getConstructor0(Unknown Source) [na:1.8.0_66]
	at java.lang.Class.newInstance(Unknown Source) [na:1.8.0_66]
	at org.eclipse.osgi.internal.framework.BundleContextImpl.loadBundleActivator(BundleContextImpl.java:755) [org.eclipse.osgi_3.10.101.v20150820-1432.jar:na]
	at org.eclipse.osgi.internal.framework.BundleContextImpl.start(BundleContextImpl.java:706) [org.eclipse.osgi_3.10.101.v20150820-1432.jar:na]
	at org.eclipse.osgi.internal.framework.EquinoxBundle.startWorker0(EquinoxBundle.java:941) [org.eclipse.osgi_3.10.101.v20150820-1432.jar:na]
	at org.eclipse.osgi.internal.framework.EquinoxBundle$EquinoxModule.startWorker(EquinoxBundle.java:318) [org.eclipse.osgi_3.10.101.v20150820-1432.jar:na]
	at org.eclipse.osgi.container.Module.doStart(Module.java:571) [org.eclipse.osgi_3.10.101.v20150820-1432.jar:na]
	at org.eclipse.osgi.container.Module.start(Module.java:439) [org.eclipse.osgi_3.10.101.v20150820-1432.jar:na]
	at org.eclipse.osgi.framework.util.SecureAction.start(SecureAction.java:454) [org.eclipse.osgi_3.10.101.v20150820-1432.jar:na]
	at org.eclipse.osgi.internal.hooks.EclipseLazyStarter.postFindLocalClass(EclipseLazyStarter.java:107) [org.eclipse.osgi_3.10.101.v20150820-1432.jar:na]
	at org.eclipse.osgi.internal.loader.classpath.ClasspathManager.findLocalClass(ClasspathManager.java:531) [org.eclipse.osgi_3.10.101.v20150820-1432.jar:na]
	at org.eclipse.osgi.internal.loader.ModuleClassLoader.findLocalClass(ModuleClassLoader.java:324) [org.eclipse.osgi_3.10.101.v20150820-1432.jar:na]
	at org.eclipse.osgi.internal.loader.BundleLoader.findLocalClass(BundleLoader.java:327) [org.eclipse.osgi_3.10.101.v20150820-1432.jar:na]
	at org.eclipse.osgi.internal.loader.BundleLoader.findClassInternal(BundleLoader.java:402) [org.eclipse.osgi_3.10.101.v20150820-1432.jar:na]
	at org.eclipse.osgi.internal.loader.BundleLoader.findClass(BundleLoader.java:352) [org.eclipse.osgi_3.10.101.v20150820-1432.jar:na]
	at org.eclipse.osgi.internal.loader.BundleLoader.findClass(BundleLoader.java:344) [org.eclipse.osgi_3.10.101.v20150820-1432.jar:na]
	at org.eclipse.osgi.internal.loader.ModuleClassLoader.loadClass(ModuleClassLoader.java:160) [org.eclipse.osgi_3.10.101.v20150820-1432.jar:na]
	at java.lang.ClassLoader.loadClass(Unknown Source) [na:1.8.0_66]
	at org.eclipse.osgi.internal.framework.EquinoxBundle.loadClass(EquinoxBundle.java:573) [org.eclipse.osgi_3.10.101.v20150820-1432.jar:na]
	at org.eclipse.core.internal.registry.osgi.RegistryStrategyOSGI.createExecutableExtension(RegistryStrategyOSGI.java:174) [org.eclipse.equinox.registry_3.6.0.v20150318-1503.jar:na]
	at org.eclipse.core.internal.registry.ExtensionRegistry.createExecutableExtension(ExtensionRegistry.java:905) [org.eclipse.equinox.registry_3.6.0.v20150318-1503.jar:na]
	at org.eclipse.core.internal.registry.ConfigurationElement.createExecutableExtension(ConfigurationElement.java:243) [org.eclipse.equinox.registry_3.6.0.v20150318-1503.jar:na]
	at org.eclipse.core.internal.registry.ConfigurationElementHandle.createExecutableExtension(ConfigurationElementHandle.java:55) [org.eclipse.equinox.registry_3.6.0.v20150318-1503.jar:na]
	at org.eclipse.core.internal.expressions.PropertyTesterDescriptor.instantiate(PropertyTesterDescriptor.java:96) [org.eclipse.core.expressions_3.5.0.v20150421-2214.jar:na]
	at org.eclipse.core.internal.expressions.TypeExtension.findTypeExtender(TypeExtension.java:97) [org.eclipse.core.expressions_3.5.0.v20150421-2214.jar:na]
	at org.eclipse.core.internal.expressions.TypeExtension.findTypeExtender(TypeExtension.java:130) [org.eclipse.core.expressions_3.5.0.v20150421-2214.jar:na]
	at org.eclipse.core.internal.expressions.TypeExtension.findTypeExtender(TypeExtension.java:130) [org.eclipse.core.expressions_3.5.0.v20150421-2214.jar:na]
	at org.eclipse.core.internal.expressions.TypeExtension.findTypeExtender(TypeExtension.java:130) [org.eclipse.core.expressions_3.5.0.v20150421-2214.jar:na]
	at org.eclipse.core.internal.expressions.TypeExtensionManager.getProperty(TypeExtensionManager.java:119) [org.eclipse.core.expressions_3.5.0.v20150421-2214.jar:na]
	at org.eclipse.core.internal.expressions.TestExpression.evaluate(TestExpression.java:97) [org.eclipse.core.expressions_3.5.0.v20150421-2214.jar:na]
	at org.eclipse.core.internal.expressions.CompositeExpression.evaluateAnd(CompositeExpression.java:53) [org.eclipse.core.expressions_3.5.0.v20150421-2214.jar:na]
	at org.eclipse.core.internal.expressions.WithExpression.evaluate(WithExpression.java:75) [org.eclipse.core.expressions_3.5.0.v20150421-2214.jar:na]
	at org.eclipse.core.internal.expressions.CompositeExpression.evaluateAnd(CompositeExpression.java:53) [org.eclipse.core.expressions_3.5.0.v20150421-2214.jar:na]
	at org.eclipse.core.internal.expressions.EnablementExpression.evaluate(EnablementExpression.java:55) [org.eclipse.core.expressions_3.5.0.v20150421-2214.jar:na]
	at org.eclipse.debug.internal.ui.launchConfigurations.LaunchShortcutExtension.evalEnablementExpression(LaunchShortcutExtension.java:281) [org.eclipse.debug.ui_3.11.100.v20150731-1137.jar:na]
	at org.eclipse.debug.internal.ui.contextlaunching.LaunchingResourceManager.getShortcutsForSelection(LaunchingResourceManager.java:455) [org.eclipse.debug.ui_3.11.100.v20150731-1137.jar:na]
	at org.eclipse.debug.internal.ui.contextlaunching.ContextRunner.selectAndLaunch(ContextRunner.java:115) [org.eclipse.debug.ui_3.11.100.v20150731-1137.jar:na]
	at org.eclipse.debug.internal.ui.contextlaunching.ContextRunner.launch(ContextRunner.java:81) [org.eclipse.debug.ui_3.11.100.v20150731-1137.jar:na]
	at org.eclipse.debug.ui.actions.AbstractLaunchToolbarAction.run(AbstractLaunchToolbarAction.java:82) [org.eclipse.debug.ui_3.11.100.v20150731-1137.jar:na]
	at org.eclipse.debug.ui.actions.AbstractLaunchHistoryAction.runWithEvent(AbstractLaunchHistoryAction.java:420) [org.eclipse.debug.ui_3.11.100.v20150731-1137.jar:na]
	at org.eclipse.ui.internal.PluginAction.runWithEvent(PluginAction.java:237) [org.eclipse.ui.workbench_3.107.0.v20150825-2206.jar:na]
	at org.eclipse.ui.internal.WWinPluginAction.runWithEvent(WWinPluginAction.java:228) [org.eclipse.ui.workbench_3.107.0.v20150825-2206.jar:na]
	at org.eclipse.jface.action.ActionContributionItem.handleWidgetSelection(ActionContributionItem.java:595) [org.eclipse.jface_3.11.0.v20150602-1400.jar:na]
	at org.eclipse.jface.action.ActionContributionItem.access$2(ActionContributionItem.java:511) [org.eclipse.jface_3.11.0.v20150602-1400.jar:na]
	at org.eclipse.jface.action.ActionContributionItem$6.handleEvent(ActionContributionItem.java:462) [org.eclipse.jface_3.11.0.v20150602-1400.jar:na]
	at org.eclipse.swt.widgets.EventTable.sendEvent(EventTable.java:84) [org.eclipse.swt.win32.win32.x86_64_3.104.1.v20150825-0743.jar:na]
	at org.eclipse.swt.widgets.Display.sendEvent(Display.java:4362) [org.eclipse.swt.win32.win32.x86_64_3.104.1.v20150825-0743.jar:na]
	at org.eclipse.swt.widgets.Widget.sendEvent(Widget.java:1113) [org.eclipse.swt.win32.win32.x86_64_3.104.1.v20150825-0743.jar:na]
	at org.eclipse.swt.widgets.Display.runDeferredEvents(Display.java:4180) [org.eclipse.swt.win32.win32.x86_64_3.104.1.v20150825-0743.jar:na]
	at org.eclipse.swt.widgets.Display.readAndDispatch(Display.java:3769) [org.eclipse.swt.win32.win32.x86_64_3.104.1.v20150825-0743.jar:na]
	at org.eclipse.e4.ui.internal.workbench.swt.PartRenderingEngine$4.run(PartRenderingEngine.java:1127) [org.eclipse.e4.ui.workbench.swt_0.13.0.v20150504-0621.jar:na]
	at org.eclipse.core.databinding.observable.Realm.runWithDefault(Realm.java:337) [org.eclipse.core.databinding.observable_1.5.0.v20150422-0725.jar:na]
	at org.eclipse.e4.ui.internal.workbench.swt.PartRenderingEngine.run(PartRenderingEngine.java:1018) [org.eclipse.e4.ui.workbench.swt_0.13.0.v20150504-0621.jar:na]
	at org.eclipse.e4.ui.internal.workbench.E4Workbench.createAndRunUI(E4Workbench.java:156) [org.eclipse.e4.ui.workbench_1.3.0.v20150531-1948.jar:na]
	at org.eclipse.ui.internal.Workbench$5.run(Workbench.java:654) [org.eclipse.ui.workbench_3.107.0.v20150825-2206.jar:na]
	at org.eclipse.core.databinding.observable.Realm.runWithDefault(Realm.java:337) [org.eclipse.core.databinding.observable_1.5.0.v20150422-0725.jar:na]
	at org.eclipse.ui.internal.Workbench.createAndRunWorkbench(Workbench.java:598) [org.eclipse.ui.workbench_3.107.0.v20150825-2206.jar:na]
	at org.eclipse.ui.PlatformUI.createAndRunWorkbench(PlatformUI.java:150) [org.eclipse.ui.workbench_3.107.0.v20150825-2206.jar:na]
	at org.eclipse.ui.internal.ide.application.IDEApplication.start(IDEApplication.java:139) [org.eclipse.ui.ide.application_1.1.0.v20150422-0725.jar:na]
	at org.eclipse.equinox.internal.app.EclipseAppHandle.run(EclipseAppHandle.java:196) [org.eclipse.equinox.app_1.3.300.v20150423-1356.jar:na]
	at org.eclipse.core.runtime.internal.adaptor.EclipseAppLauncher.runApplication(EclipseAppLauncher.java:134) [org.eclipse.osgi_3.10.101.v20150820-1432.jar:na]
	at org.eclipse.core.runtime.internal.adaptor.EclipseAppLauncher.start(EclipseAppLauncher.java:104) [org.eclipse.osgi_3.10.101.v20150820-1432.jar:na]
	at org.eclipse.core.runtime.adaptor.EclipseStarter.run(EclipseStarter.java:380) [org.eclipse.osgi_3.10.101.v20150820-1432.jar:na]
	at org.eclipse.core.runtime.adaptor.EclipseStarter.run(EclipseStarter.java:235) [org.eclipse.osgi_3.10.101.v20150820-1432.jar:na]
	at sun.reflect.NativeMethodAccessorImpl.invoke0(Native Method) ~[na:1.8.0_66]
	at sun.reflect.NativeMethodAccessorImpl.invoke(Unknown Source) ~[na:1.8.0_66]
	at sun.reflect.DelegatingMethodAccessorImpl.invoke(Unknown Source) ~[na:1.8.0_66]
	at java.lang.reflect.Method.invoke(Unknown Source) ~[na:1.8.0_66]
	at org.eclipse.equinox.launcher.Main.invokeFramework(Main.java:669) [org.eclipse.equinox.launcher_1.3.100.v20150511-1540.jar:na]
	at org.eclipse.equinox.launcher.Main.basicRun(Main.java:608) [org.eclipse.equinox.launcher_1.3.100.v20150511-1540.jar:na]
	at org.eclipse.equinox.launcher.Main.run(Main.java:1515) [org.eclipse.equinox.launcher_1.3.100.v20150511-1540.jar:na]
Caused by: sun.security.validator.ValidatorException: PKIX path building failed: sun.security.provider.certpath.SunCertPathBuilderException: unable to find valid certification path to requested target
	at sun.security.validator.PKIXValidator.doBuild(Unknown Source) ~[na:1.8.0_66]
	at sun.security.validator.PKIXValidator.engineValidate(Unknown Source) ~[na:1.8.0_66]
	at sun.security.validator.Validator.validate(Unknown Source) ~[na:1.8.0_66]
	at sun.security.ssl.X509TrustManagerImpl.validate(Unknown Source) ~[na:1.8.0_66]
	at sun.security.ssl.X509TrustManagerImpl.checkTrusted(Unknown Source) ~[na:1.8.0_66]
	at sun.security.ssl.X509TrustManagerImpl.checkServerTrusted(Unknown Source) ~[na:1.8.0_66]
	... 113 common frames omitted
Caused by: sun.security.provider.certpath.SunCertPathBuilderException: unable to find valid certification path to requested target
	at sun.security.provider.certpath.SunCertPathBuilder.build(Unknown Source) ~[na:1.8.0_66]
	at sun.security.provider.certpath.SunCertPathBuilder.engineBuild(Unknown Source) ~[na:1.8.0_66]
	at java.security.cert.CertPathBuilder.build(Unknown Source) ~[na:1.8.0_66]
	... 119 common frames omitted
2016-08-01 10:25:07,886 [Stop Help Server] INFO  o.e.jetty.server.ServerConnector - Stopped ServerConnector@912f2a7{HTTP/1.1}{127.0.0.1:0}
2016-08-01 10:25:07,948 [Stop Help Server] INFO  o.e.j.server.handler.ContextHandler - Stopped o.e.j.s.ServletContextHandler@53bdb727{/help,null,UNAVAILABLE}
2016-08-08 09:52:31,612 [Start Help Server] INFO  org.eclipse.jetty.util.log - Logging initialized @122563ms
2016-08-08 09:52:31,702 [Start Help Server] INFO  org.eclipse.jetty.server.Server - jetty-9.2.13.v20150730
2016-08-08 09:52:31,733 [Start Help Server] INFO  o.e.j.server.handler.ContextHandler - Started o.e.j.s.ServletContextHandler@3350908a{/help,null,AVAILABLE}
2016-08-08 09:52:31,745 [Start Help Server] INFO  o.e.jetty.server.ServerConnector - Started ServerConnector@6f0756{HTTP/1.1}{127.0.0.1:55192}
2016-08-08 09:52:31,746 [Start Help Server] INFO  org.eclipse.jetty.server.Server - Started @122699ms
2016-08-08 09:54:19,296 [main] INFO  c.g.t.t.d.PublishedGradleVersions - Gradle version information cache file is not available. Remote download required.
2016-08-08 09:54:19,849 [main] ERROR c.g.t.t.d.PublishedGradleVersions - Cannot download published Gradle versions.
javax.net.ssl.SSLHandshakeException: sun.security.validator.ValidatorException: PKIX path building failed: sun.security.provider.certpath.SunCertPathBuilderException: unable to find valid certification path to requested target
	at sun.security.ssl.Alerts.getSSLException(Unknown Source) ~[na:1.8.0_66]
	at sun.security.ssl.SSLSocketImpl.fatal(Unknown Source) ~[na:1.8.0_66]
	at sun.security.ssl.Handshaker.fatalSE(Unknown Source) ~[na:1.8.0_66]
	at sun.security.ssl.Handshaker.fatalSE(Unknown Source) ~[na:1.8.0_66]
	at sun.security.ssl.ClientHandshaker.serverCertificate(Unknown Source) ~[na:1.8.0_66]
	at sun.security.ssl.ClientHandshaker.processMessage(Unknown Source) ~[na:1.8.0_66]
	at sun.security.ssl.Handshaker.processLoop(Unknown Source) ~[na:1.8.0_66]
	at sun.security.ssl.Handshaker.process_record(Unknown Source) ~[na:1.8.0_66]
	at sun.security.ssl.SSLSocketImpl.readRecord(Unknown Source) ~[na:1.8.0_66]
	at sun.security.ssl.SSLSocketImpl.performInitialHandshake(Unknown Source) ~[na:1.8.0_66]
	at sun.security.ssl.SSLSocketImpl.startHandshake(Unknown Source) ~[na:1.8.0_66]
	at sun.security.ssl.SSLSocketImpl.startHandshake(Unknown Source) ~[na:1.8.0_66]
	at sun.net.www.protocol.https.HttpsClient.afterConnect(Unknown Source) ~[na:1.8.0_66]
	at sun.net.www.protocol.https.AbstractDelegateHttpsURLConnection.connect(Unknown Source) ~[na:1.8.0_66]
	at sun.net.www.protocol.http.HttpURLConnection.getInputStream0(Unknown Source) ~[na:1.8.0_66]
	at sun.net.www.protocol.http.HttpURLConnection.getInputStream(Unknown Source) ~[na:1.8.0_66]
	at sun.net.www.protocol.https.HttpsURLConnectionImpl.getInputStream(Unknown Source) ~[na:1.8.0_66]
	at com.gradleware.tooling.toolingutils.distribution.PublishedGradleVersions.downloadVersionInformation(PublishedGradleVersions.java:167) [com.gradleware.tooling.utils_0.7.0.v201511171412.jar:na]
	at com.gradleware.tooling.toolingutils.distribution.PublishedGradleVersions.create(PublishedGradleVersions.java:150) [com.gradleware.tooling.utils_0.7.0.v201511171412.jar:na]
	at org.eclipse.buildship.core.util.gradle.PublishedGradleVersionsWrapper.create(PublishedGradleVersionsWrapper.java:40) [org.eclipse.buildship.core_1.0.6.v20151126-1638.jar:na]
	at org.eclipse.buildship.core.util.gradle.PublishedGradleVersionsWrapper.<init>(PublishedGradleVersionsWrapper.java:35) [org.eclipse.buildship.core_1.0.6.v20151126-1638.jar:na]
	at org.eclipse.buildship.core.CorePlugin.createPublishedGradleVersions(CorePlugin.java:166) [org.eclipse.buildship.core_1.0.6.v20151126-1638.jar:na]
	at org.eclipse.buildship.core.CorePlugin.registerServices(CorePlugin.java:139) [org.eclipse.buildship.core_1.0.6.v20151126-1638.jar:na]
	at org.eclipse.buildship.core.CorePlugin.start(CorePlugin.java:102) [org.eclipse.buildship.core_1.0.6.v20151126-1638.jar:na]
	at org.eclipse.osgi.internal.framework.BundleContextImpl$3.run(BundleContextImpl.java:771) [org.eclipse.osgi_3.10.101.v20150820-1432.jar:na]
	at org.eclipse.osgi.internal.framework.BundleContextImpl$3.run(BundleContextImpl.java:1) [org.eclipse.osgi_3.10.101.v20150820-1432.jar:na]
	at java.security.AccessController.doPrivileged(Native Method) [na:1.8.0_66]
	at org.eclipse.osgi.internal.framework.BundleContextImpl.startActivator(BundleContextImpl.java:764) [org.eclipse.osgi_3.10.101.v20150820-1432.jar:na]
	at org.eclipse.osgi.internal.framework.BundleContextImpl.start(BundleContextImpl.java:721) [org.eclipse.osgi_3.10.101.v20150820-1432.jar:na]
	at org.eclipse.osgi.internal.framework.EquinoxBundle.startWorker0(EquinoxBundle.java:941) [org.eclipse.osgi_3.10.101.v20150820-1432.jar:na]
	at org.eclipse.osgi.internal.framework.EquinoxBundle$EquinoxModule.startWorker(EquinoxBundle.java:318) [org.eclipse.osgi_3.10.101.v20150820-1432.jar:na]
	at org.eclipse.osgi.container.Module.doStart(Module.java:571) [org.eclipse.osgi_3.10.101.v20150820-1432.jar:na]
	at org.eclipse.osgi.container.Module.start(Module.java:439) [org.eclipse.osgi_3.10.101.v20150820-1432.jar:na]
	at org.eclipse.osgi.framework.util.SecureAction.start(SecureAction.java:454) [org.eclipse.osgi_3.10.101.v20150820-1432.jar:na]
	at org.eclipse.osgi.internal.hooks.EclipseLazyStarter.postFindLocalClass(EclipseLazyStarter.java:107) [org.eclipse.osgi_3.10.101.v20150820-1432.jar:na]
	at org.eclipse.osgi.internal.loader.classpath.ClasspathManager.findLocalClass(ClasspathManager.java:531) [org.eclipse.osgi_3.10.101.v20150820-1432.jar:na]
	at org.eclipse.osgi.internal.loader.ModuleClassLoader.findLocalClass(ModuleClassLoader.java:324) [org.eclipse.osgi_3.10.101.v20150820-1432.jar:na]
	at org.eclipse.osgi.internal.loader.BundleLoader.findLocalClass(BundleLoader.java:327) [org.eclipse.osgi_3.10.101.v20150820-1432.jar:na]
	at org.eclipse.osgi.internal.loader.sources.SingleSourcePackage.loadClass(SingleSourcePackage.java:36) [org.eclipse.osgi_3.10.101.v20150820-1432.jar:na]
	at org.eclipse.osgi.internal.loader.BundleLoader.findClassInternal(BundleLoader.java:398) [org.eclipse.osgi_3.10.101.v20150820-1432.jar:na]
	at org.eclipse.osgi.internal.loader.BundleLoader.findClass(BundleLoader.java:352) [org.eclipse.osgi_3.10.101.v20150820-1432.jar:na]
	at org.eclipse.osgi.internal.loader.BundleLoader.findClass(BundleLoader.java:344) [org.eclipse.osgi_3.10.101.v20150820-1432.jar:na]
	at org.eclipse.osgi.internal.loader.ModuleClassLoader.loadClass(ModuleClassLoader.java:160) [org.eclipse.osgi_3.10.101.v20150820-1432.jar:na]
	at java.lang.ClassLoader.loadClass(Unknown Source) [na:1.8.0_66]
	at java.lang.Class.getDeclaredConstructors0(Native Method) [na:1.8.0_66]
	at java.lang.Class.privateGetDeclaredConstructors(Unknown Source) [na:1.8.0_66]
	at java.lang.Class.getConstructor0(Unknown Source) [na:1.8.0_66]
	at java.lang.Class.newInstance(Unknown Source) [na:1.8.0_66]
	at org.eclipse.osgi.internal.framework.BundleContextImpl.loadBundleActivator(BundleContextImpl.java:755) [org.eclipse.osgi_3.10.101.v20150820-1432.jar:na]
	at org.eclipse.osgi.internal.framework.BundleContextImpl.start(BundleContextImpl.java:706) [org.eclipse.osgi_3.10.101.v20150820-1432.jar:na]
	at org.eclipse.osgi.internal.framework.EquinoxBundle.startWorker0(EquinoxBundle.java:941) [org.eclipse.osgi_3.10.101.v20150820-1432.jar:na]
	at org.eclipse.osgi.internal.framework.EquinoxBundle$EquinoxModule.startWorker(EquinoxBundle.java:318) [org.eclipse.osgi_3.10.101.v20150820-1432.jar:na]
	at org.eclipse.osgi.container.Module.doStart(Module.java:571) [org.eclipse.osgi_3.10.101.v20150820-1432.jar:na]
	at org.eclipse.osgi.container.Module.start(Module.java:439) [org.eclipse.osgi_3.10.101.v20150820-1432.jar:na]
	at org.eclipse.osgi.framework.util.SecureAction.start(SecureAction.java:454) [org.eclipse.osgi_3.10.101.v20150820-1432.jar:na]
	at org.eclipse.osgi.internal.hooks.EclipseLazyStarter.postFindLocalClass(EclipseLazyStarter.java:107) [org.eclipse.osgi_3.10.101.v20150820-1432.jar:na]
	at org.eclipse.osgi.internal.loader.classpath.ClasspathManager.findLocalClass(ClasspathManager.java:531) [org.eclipse.osgi_3.10.101.v20150820-1432.jar:na]
	at org.eclipse.osgi.internal.loader.ModuleClassLoader.findLocalClass(ModuleClassLoader.java:324) [org.eclipse.osgi_3.10.101.v20150820-1432.jar:na]
	at org.eclipse.osgi.internal.loader.BundleLoader.findLocalClass(BundleLoader.java:327) [org.eclipse.osgi_3.10.101.v20150820-1432.jar:na]
	at org.eclipse.osgi.internal.loader.BundleLoader.findClassInternal(BundleLoader.java:402) [org.eclipse.osgi_3.10.101.v20150820-1432.jar:na]
	at org.eclipse.osgi.internal.loader.BundleLoader.findClass(BundleLoader.java:352) [org.eclipse.osgi_3.10.101.v20150820-1432.jar:na]
	at org.eclipse.osgi.internal.loader.BundleLoader.findClass(BundleLoader.java:344) [org.eclipse.osgi_3.10.101.v20150820-1432.jar:na]
	at org.eclipse.osgi.internal.loader.ModuleClassLoader.loadClass(ModuleClassLoader.java:160) [org.eclipse.osgi_3.10.101.v20150820-1432.jar:na]
	at java.lang.ClassLoader.loadClass(Unknown Source) [na:1.8.0_66]
	at org.eclipse.osgi.internal.framework.EquinoxBundle.loadClass(EquinoxBundle.java:573) [org.eclipse.osgi_3.10.101.v20150820-1432.jar:na]
	at org.eclipse.core.internal.registry.osgi.RegistryStrategyOSGI.createExecutableExtension(RegistryStrategyOSGI.java:174) [org.eclipse.equinox.registry_3.6.0.v20150318-1503.jar:na]
	at org.eclipse.core.internal.registry.ExtensionRegistry.createExecutableExtension(ExtensionRegistry.java:905) [org.eclipse.equinox.registry_3.6.0.v20150318-1503.jar:na]
	at org.eclipse.core.internal.registry.ConfigurationElement.createExecutableExtension(ConfigurationElement.java:243) [org.eclipse.equinox.registry_3.6.0.v20150318-1503.jar:na]
	at org.eclipse.core.internal.registry.ConfigurationElementHandle.createExecutableExtension(ConfigurationElementHandle.java:55) [org.eclipse.equinox.registry_3.6.0.v20150318-1503.jar:na]
	at org.eclipse.core.internal.expressions.PropertyTesterDescriptor.instantiate(PropertyTesterDescriptor.java:96) [org.eclipse.core.expressions_3.5.0.v20150421-2214.jar:na]
	at org.eclipse.core.internal.expressions.TypeExtension.findTypeExtender(TypeExtension.java:97) [org.eclipse.core.expressions_3.5.0.v20150421-2214.jar:na]
	at org.eclipse.core.internal.expressions.TypeExtension.findTypeExtender(TypeExtension.java:130) [org.eclipse.core.expressions_3.5.0.v20150421-2214.jar:na]
	at org.eclipse.core.internal.expressions.TypeExtension.findTypeExtender(TypeExtension.java:130) [org.eclipse.core.expressions_3.5.0.v20150421-2214.jar:na]
	at org.eclipse.core.internal.expressions.TypeExtension.findTypeExtender(TypeExtension.java:130) [org.eclipse.core.expressions_3.5.0.v20150421-2214.jar:na]
	at org.eclipse.core.internal.expressions.TypeExtensionManager.getProperty(TypeExtensionManager.java:119) [org.eclipse.core.expressions_3.5.0.v20150421-2214.jar:na]
	at org.eclipse.core.internal.expressions.TestExpression.evaluate(TestExpression.java:97) [org.eclipse.core.expressions_3.5.0.v20150421-2214.jar:na]
	at org.eclipse.core.internal.expressions.CompositeExpression.evaluateAnd(CompositeExpression.java:53) [org.eclipse.core.expressions_3.5.0.v20150421-2214.jar:na]
	at org.eclipse.core.internal.expressions.WithExpression.evaluate(WithExpression.java:75) [org.eclipse.core.expressions_3.5.0.v20150421-2214.jar:na]
	at org.eclipse.core.internal.expressions.CompositeExpression.evaluateAnd(CompositeExpression.java:53) [org.eclipse.core.expressions_3.5.0.v20150421-2214.jar:na]
	at org.eclipse.core.internal.expressions.EnablementExpression.evaluate(EnablementExpression.java:55) [org.eclipse.core.expressions_3.5.0.v20150421-2214.jar:na]
	at org.eclipse.debug.internal.ui.launchConfigurations.LaunchShortcutExtension.evalEnablementExpression(LaunchShortcutExtension.java:281) [org.eclipse.debug.ui_3.11.100.v20150731-1137.jar:na]
	at org.eclipse.debug.internal.ui.contextlaunching.LaunchingResourceManager.getShortcutsForSelection(LaunchingResourceManager.java:455) [org.eclipse.debug.ui_3.11.100.v20150731-1137.jar:na]
	at org.eclipse.debug.internal.ui.contextlaunching.ContextRunner.selectAndLaunch(ContextRunner.java:115) [org.eclipse.debug.ui_3.11.100.v20150731-1137.jar:na]
	at org.eclipse.debug.internal.ui.contextlaunching.ContextRunner.launch(ContextRunner.java:81) [org.eclipse.debug.ui_3.11.100.v20150731-1137.jar:na]
	at org.eclipse.debug.ui.actions.AbstractLaunchToolbarAction.run(AbstractLaunchToolbarAction.java:82) [org.eclipse.debug.ui_3.11.100.v20150731-1137.jar:na]
	at org.eclipse.debug.ui.actions.AbstractLaunchHistoryAction.runWithEvent(AbstractLaunchHistoryAction.java:420) [org.eclipse.debug.ui_3.11.100.v20150731-1137.jar:na]
	at org.eclipse.ui.internal.PluginAction.runWithEvent(PluginAction.java:237) [org.eclipse.ui.workbench_3.107.0.v20150825-2206.jar:na]
	at org.eclipse.ui.internal.WWinPluginAction.runWithEvent(WWinPluginAction.java:228) [org.eclipse.ui.workbench_3.107.0.v20150825-2206.jar:na]
	at org.eclipse.jface.action.ActionContributionItem.handleWidgetSelection(ActionContributionItem.java:595) [org.eclipse.jface_3.11.0.v20150602-1400.jar:na]
	at org.eclipse.jface.action.ActionContributionItem.access$2(ActionContributionItem.java:511) [org.eclipse.jface_3.11.0.v20150602-1400.jar:na]
	at org.eclipse.jface.action.ActionContributionItem$6.handleEvent(ActionContributionItem.java:462) [org.eclipse.jface_3.11.0.v20150602-1400.jar:na]
	at org.eclipse.swt.widgets.EventTable.sendEvent(EventTable.java:84) [org.eclipse.swt.win32.win32.x86_64_3.104.1.v20150825-0743.jar:na]
	at org.eclipse.swt.widgets.Display.sendEvent(Display.java:4362) [org.eclipse.swt.win32.win32.x86_64_3.104.1.v20150825-0743.jar:na]
	at org.eclipse.swt.widgets.Widget.sendEvent(Widget.java:1113) [org.eclipse.swt.win32.win32.x86_64_3.104.1.v20150825-0743.jar:na]
	at org.eclipse.swt.widgets.Display.runDeferredEvents(Display.java:4180) [org.eclipse.swt.win32.win32.x86_64_3.104.1.v20150825-0743.jar:na]
	at org.eclipse.swt.widgets.Display.readAndDispatch(Display.java:3769) [org.eclipse.swt.win32.win32.x86_64_3.104.1.v20150825-0743.jar:na]
	at org.eclipse.e4.ui.internal.workbench.swt.PartRenderingEngine$4.run(PartRenderingEngine.java:1127) [org.eclipse.e4.ui.workbench.swt_0.13.0.v20150504-0621.jar:na]
	at org.eclipse.core.databinding.observable.Realm.runWithDefault(Realm.java:337) [org.eclipse.core.databinding.observable_1.5.0.v20150422-0725.jar:na]
	at org.eclipse.e4.ui.internal.workbench.swt.PartRenderingEngine.run(PartRenderingEngine.java:1018) [org.eclipse.e4.ui.workbench.swt_0.13.0.v20150504-0621.jar:na]
	at org.eclipse.e4.ui.internal.workbench.E4Workbench.createAndRunUI(E4Workbench.java:156) [org.eclipse.e4.ui.workbench_1.3.0.v20150531-1948.jar:na]
	at org.eclipse.ui.internal.Workbench$5.run(Workbench.java:654) [org.eclipse.ui.workbench_3.107.0.v20150825-2206.jar:na]
	at org.eclipse.core.databinding.observable.Realm.runWithDefault(Realm.java:337) [org.eclipse.core.databinding.observable_1.5.0.v20150422-0725.jar:na]
	at org.eclipse.ui.internal.Workbench.createAndRunWorkbench(Workbench.java:598) [org.eclipse.ui.workbench_3.107.0.v20150825-2206.jar:na]
	at org.eclipse.ui.PlatformUI.createAndRunWorkbench(PlatformUI.java:150) [org.eclipse.ui.workbench_3.107.0.v20150825-2206.jar:na]
	at org.eclipse.ui.internal.ide.application.IDEApplication.start(IDEApplication.java:139) [org.eclipse.ui.ide.application_1.1.0.v20150422-0725.jar:na]
	at org.eclipse.equinox.internal.app.EclipseAppHandle.run(EclipseAppHandle.java:196) [org.eclipse.equinox.app_1.3.300.v20150423-1356.jar:na]
	at org.eclipse.core.runtime.internal.adaptor.EclipseAppLauncher.runApplication(EclipseAppLauncher.java:134) [org.eclipse.osgi_3.10.101.v20150820-1432.jar:na]
	at org.eclipse.core.runtime.internal.adaptor.EclipseAppLauncher.start(EclipseAppLauncher.java:104) [org.eclipse.osgi_3.10.101.v20150820-1432.jar:na]
	at org.eclipse.core.runtime.adaptor.EclipseStarter.run(EclipseStarter.java:380) [org.eclipse.osgi_3.10.101.v20150820-1432.jar:na]
	at org.eclipse.core.runtime.adaptor.EclipseStarter.run(EclipseStarter.java:235) [org.eclipse.osgi_3.10.101.v20150820-1432.jar:na]
	at sun.reflect.NativeMethodAccessorImpl.invoke0(Native Method) ~[na:1.8.0_66]
	at sun.reflect.NativeMethodAccessorImpl.invoke(Unknown Source) ~[na:1.8.0_66]
	at sun.reflect.DelegatingMethodAccessorImpl.invoke(Unknown Source) ~[na:1.8.0_66]
	at java.lang.reflect.Method.invoke(Unknown Source) ~[na:1.8.0_66]
	at org.eclipse.equinox.launcher.Main.invokeFramework(Main.java:669) [org.eclipse.equinox.launcher_1.3.100.v20150511-1540.jar:na]
	at org.eclipse.equinox.launcher.Main.basicRun(Main.java:608) [org.eclipse.equinox.launcher_1.3.100.v20150511-1540.jar:na]
	at org.eclipse.equinox.launcher.Main.run(Main.java:1515) [org.eclipse.equinox.launcher_1.3.100.v20150511-1540.jar:na]
Caused by: sun.security.validator.ValidatorException: PKIX path building failed: sun.security.provider.certpath.SunCertPathBuilderException: unable to find valid certification path to requested target
	at sun.security.validator.PKIXValidator.doBuild(Unknown Source) ~[na:1.8.0_66]
	at sun.security.validator.PKIXValidator.engineValidate(Unknown Source) ~[na:1.8.0_66]
	at sun.security.validator.Validator.validate(Unknown Source) ~[na:1.8.0_66]
	at sun.security.ssl.X509TrustManagerImpl.validate(Unknown Source) ~[na:1.8.0_66]
	at sun.security.ssl.X509TrustManagerImpl.checkTrusted(Unknown Source) ~[na:1.8.0_66]
	at sun.security.ssl.X509TrustManagerImpl.checkServerTrusted(Unknown Source) ~[na:1.8.0_66]
	... 113 common frames omitted
Caused by: sun.security.provider.certpath.SunCertPathBuilderException: unable to find valid certification path to requested target
	at sun.security.provider.certpath.SunCertPathBuilder.build(Unknown Source) ~[na:1.8.0_66]
	at sun.security.provider.certpath.SunCertPathBuilder.engineBuild(Unknown Source) ~[na:1.8.0_66]
	at java.security.cert.CertPathBuilder.build(Unknown Source) ~[na:1.8.0_66]
	... 119 common frames omitted
2016-08-08 11:55:18,911 [Stop Help Server] INFO  o.e.jetty.server.ServerConnector - Stopped ServerConnector@6f0756{HTTP/1.1}{127.0.0.1:0}
2016-08-08 11:55:18,930 [Stop Help Server] INFO  o.e.j.server.handler.ContextHandler - Stopped o.e.j.s.ServletContextHandler@3350908a{/help,null,UNAVAILABLE}
2016-08-15 10:31:33,047 [Start Help Server] INFO  org.eclipse.jetty.util.log - Logging initialized @139488ms
2016-08-15 10:31:33,133 [Start Help Server] INFO  org.eclipse.jetty.server.Server - jetty-9.2.13.v20150730
2016-08-15 10:31:33,166 [Start Help Server] INFO  o.e.j.server.handler.ContextHandler - Started o.e.j.s.ServletContextHandler@1282490c{/help,null,AVAILABLE}
2016-08-15 10:31:33,178 [Start Help Server] INFO  o.e.jetty.server.ServerConnector - Started ServerConnector@112bc4ff{HTTP/1.1}{127.0.0.1:64562}
2016-08-15 10:31:33,178 [Start Help Server] INFO  org.eclipse.jetty.server.Server - Started @139622ms
2016-08-15 11:13:42,908 [main] INFO  c.g.t.t.d.PublishedGradleVersions - Gradle version information cache file is not available. Remote download required.
2016-08-15 11:58:02,363 [Stop Help Server] INFO  o.e.jetty.server.ServerConnector - Stopped ServerConnector@112bc4ff{HTTP/1.1}{127.0.0.1:0}
2016-08-15 11:58:02,383 [Stop Help Server] INFO  o.e.j.server.handler.ContextHandler - Stopped o.e.j.s.ServletContextHandler@1282490c{/help,null,UNAVAILABLE}
2016-08-22 10:07:56,702 [Start Help Server] INFO  org.eclipse.jetty.util.log - Logging initialized @168873ms
2016-08-22 10:07:58,658 [Start Help Server] INFO  org.eclipse.jetty.server.Server - jetty-9.2.13.v20150730
2016-08-22 10:07:58,690 [Start Help Server] INFO  o.e.j.server.handler.ContextHandler - Started o.e.j.s.ServletContextHandler@4eabb20b{/help,null,AVAILABLE}
2016-08-22 10:07:58,704 [Start Help Server] INFO  o.e.jetty.server.ServerConnector - Started ServerConnector@23c5b5ce{HTTP/1.1}{127.0.0.1:49673}
2016-08-22 10:07:58,704 [Start Help Server] INFO  org.eclipse.jetty.server.Server - Started @170877ms
2016-08-22 10:41:51,485 [main] INFO  c.g.t.t.d.PublishedGradleVersions - Gradle version information cache file is not out-of-date. No remote download required.
2016-08-22 11:56:50,970 [Stop Help Server] INFO  o.e.jetty.server.ServerConnector - Stopped ServerConnector@23c5b5ce{HTTP/1.1}{127.0.0.1:0}
2016-08-22 11:56:50,990 [Stop Help Server] INFO  o.e.j.server.handler.ContextHandler - Stopped o.e.j.s.ServletContextHandler@4eabb20b{/help,null,UNAVAILABLE}
2016-08-29 10:11:27,821 [Start Help Server] INFO  org.eclipse.jetty.util.log - Logging initialized @466213ms
2016-08-29 10:11:29,069 [Start Help Server] INFO  org.eclipse.jetty.server.Server - jetty-9.2.13.v20150730
2016-08-29 10:11:29,766 [Start Help Server] INFO  o.e.j.server.handler.ContextHandler - Started o.e.j.s.ServletContextHandler@71de9a3a{/help,null,AVAILABLE}
2016-08-29 10:11:29,780 [Start Help Server] INFO  o.e.jetty.server.ServerConnector - Started ServerConnector@3dfd76cb{HTTP/1.1}{127.0.0.1:50798}
2016-08-29 10:11:29,804 [Start Help Server] INFO  org.eclipse.jetty.server.Server - Started @468198ms
2016-08-29 10:22:09,541 [Stop Help Server] INFO  o.e.jetty.server.ServerConnector - Stopped ServerConnector@3dfd76cb{HTTP/1.1}{127.0.0.1:0}
2016-08-29 10:22:09,564 [Stop Help Server] INFO  o.e.j.server.handler.ContextHandler - Stopped o.e.j.s.ServletContextHandler@71de9a3a{/help,null,UNAVAILABLE}
2016-08-29 10:51:09,274 [Start Help Server] INFO  org.eclipse.jetty.util.log - Logging initialized @60993ms
2016-08-29 10:51:09,889 [Start Help Server] INFO  org.eclipse.jetty.server.Server - jetty-9.2.13.v20150730
2016-08-29 10:51:09,920 [Start Help Server] INFO  o.e.j.server.handler.ContextHandler - Started o.e.j.s.ServletContextHandler@418ae40e{/help,null,AVAILABLE}
2016-08-29 10:51:09,932 [Start Help Server] INFO  o.e.jetty.server.ServerConnector - Started ServerConnector@756f6f32{HTTP/1.1}{127.0.0.1:51068}
2016-08-29 10:51:09,932 [Start Help Server] INFO  org.eclipse.jetty.server.Server - Started @61653ms
2016-08-29 10:54:31,994 [Worker-16] INFO  c.g.t.t.d.PublishedGradleVersions - Gradle version information cache file is not out-of-date. No remote download required.
2016-08-29 11:11:37,134 [Stop Help Server] INFO  o.e.jetty.server.ServerConnector - Stopped ServerConnector@756f6f32{HTTP/1.1}{127.0.0.1:0}
2016-08-29 11:11:37,163 [Stop Help Server] INFO  o.e.j.server.handler.ContextHandler - Stopped o.e.j.s.ServletContextHandler@418ae40e{/help,null,UNAVAILABLE}
2016-08-29 11:17:31,851 [Start Help Server] INFO  org.eclipse.jetty.util.log - Logging initialized @50475ms
2016-08-29 11:17:32,570 [Start Help Server] INFO  org.eclipse.jetty.server.Server - jetty-9.2.13.v20150730
2016-08-29 11:17:32,617 [Start Help Server] INFO  o.e.j.server.handler.ContextHandler - Started o.e.j.s.ServletContextHandler@588ce0fa{/help,null,AVAILABLE}
2016-08-29 11:17:32,617 [Start Help Server] INFO  o.e.jetty.server.ServerConnector - Started ServerConnector@7ce96fb9{HTTP/1.1}{127.0.0.1:51207}
2016-08-29 11:17:32,617 [Start Help Server] INFO  org.eclipse.jetty.server.Server - Started @51258ms
2016-08-29 11:55:00,386 [Stop Help Server] INFO  o.e.jetty.server.ServerConnector - Stopped ServerConnector@7ce96fb9{HTTP/1.1}{127.0.0.1:0}
2016-08-29 11:55:00,405 [Stop Help Server] INFO  o.e.j.server.handler.ContextHandler - Stopped o.e.j.s.ServletContextHandler@588ce0fa{/help,null,UNAVAILABLE}
